{
  "stats": {
    "suites": 1,
    "tests": 13,
    "passes": 9,
    "pending": 0,
    "failures": 4,
    "start": "2024-12-04T01:08:42.941Z",
    "end": "2024-12-04T01:09:23.485Z",
    "duration": 40544,
    "testsRegistered": 13,
    "passPercent": 69.23076923076923,
    "pendingPercent": 0,
    "other": 0,
    "hasOther": false,
    "skipped": 0,
    "hasSkipped": false
  },
  "results": [
    {
      "uuid": "74041765-a3ca-4a4d-99a5-20eb331dbb2b",
      "title": "",
      "fullFile": "cypress\\e2e\\testFormularios.cy.js",
      "file": "cypress\\e2e\\testFormularios.cy.js",
      "beforeHooks": [],
      "afterHooks": [],
      "tests": [],
      "suites": [
        {
          "uuid": "2d34b63e-3a70-4018-8fe4-702277c64b6e",
          "title": "Formulario de Huésped",
          "fullFile": "",
          "file": "",
          "beforeHooks": [],
          "afterHooks": [],
          "tests": [
            {
              "title": "Debe permitir ingresar un nombre válido",
              "fullTitle": "Formulario de Huésped Debe permitir ingresar un nombre válido",
              "timedOut": null,
              "duration": 1918,
              "state": "passed",
              "speed": "fast",
              "pass": true,
              "fail": false,
              "pending": false,
              "context": null,
              "code": "cy.get('input[name=\"nombre\"]').type('Juan').should('have.value', 'Juan');\ncy.wait(1000);",
              "err": {},
              "uuid": "6a2a083c-a5fd-4d57-91d9-80b7fecbcacb",
              "parentUUID": "2d34b63e-3a70-4018-8fe4-702277c64b6e",
              "isHook": false,
              "skipped": false
            },
            {
              "title": "Debe permitir ingresar un nombre con tilde sin mostrar alerta de error, pero falla",
              "fullTitle": "Formulario de Huésped Debe permitir ingresar un nombre con tilde sin mostrar alerta de error, pero falla",
              "timedOut": null,
              "duration": 4866,
              "state": "failed",
              "speed": null,
              "pass": false,
              "fail": true,
              "pending": false,
              "context": null,
              "code": "cy.get('input[name=\"nombre\"]').type('Saúl');\ncy.get('.alert-error').should('not.exist');\ncy.wait(1000);",
              "err": {
                "message": "AssertionError: Timed out retrying after 4000ms: Expected <p.alert-error> not to exist in the DOM, but it was continuously found.",
                "estack": "AssertionError: Timed out retrying after 4000ms: Expected <p.alert-error> not to exist in the DOM, but it was continuously found.\n    at Context.eval (webpack://hotel-palomar/./cypress/e2e/testFormularios.cy.js:15:27)",
                "diff": null
              },
              "uuid": "a73349ce-e6f7-493c-8bff-16de088eff32",
              "parentUUID": "2d34b63e-3a70-4018-8fe4-702277c64b6e",
              "isHook": false,
              "skipped": false
            },
            {
              "title": "Debe mostrar error para nombre inválido",
              "fullTitle": "Formulario de Huésped Debe mostrar error para nombre inválido",
              "timedOut": null,
              "duration": 1596,
              "state": "passed",
              "speed": "fast",
              "pass": true,
              "fail": false,
              "pending": false,
              "context": null,
              "code": "cy.get('input[name=\"nombre\"]').type('12345');\ncy.get('.alert-error').should('contain', 'Nombre no válido');\ncy.wait(1000);",
              "err": {},
              "uuid": "9c8cdb04-ef0c-449c-9d48-c2e51306a5ba",
              "parentUUID": "2d34b63e-3a70-4018-8fe4-702277c64b6e",
              "isHook": false,
              "skipped": false
            },
            {
              "title": "Debe permitir ingresar un apellido con tilde sin mostrar alerta de error, pero falla",
              "fullTitle": "Formulario de Huésped Debe permitir ingresar un apellido con tilde sin mostrar alerta de error, pero falla",
              "timedOut": null,
              "duration": 4853,
              "state": "failed",
              "speed": null,
              "pass": false,
              "fail": true,
              "pending": false,
              "context": null,
              "code": "cy.get('input[name=\"apellidos\"]').type('Pérez Gómes');\ncy.get('.alert-error').should('not.exist');\ncy.wait(1000);",
              "err": {
                "message": "AssertionError: Timed out retrying after 4000ms: Expected <p.alert-error> not to exist in the DOM, but it was continuously found.",
                "estack": "AssertionError: Timed out retrying after 4000ms: Expected <p.alert-error> not to exist in the DOM, but it was continuously found.\n    at Context.eval (webpack://hotel-palomar/./cypress/e2e/testFormularios.cy.js:28:27)",
                "diff": null
              },
              "uuid": "5312f617-5186-49b0-aa11-3ddf0feb01eb",
              "parentUUID": "2d34b63e-3a70-4018-8fe4-702277c64b6e",
              "isHook": false,
              "skipped": false
            },
            {
              "title": "Debe mostrar error para apellidos inválidos",
              "fullTitle": "Formulario de Huésped Debe mostrar error para apellidos inválidos",
              "timedOut": null,
              "duration": 1871,
              "state": "passed",
              "speed": "fast",
              "pass": true,
              "fail": false,
              "pending": false,
              "context": null,
              "code": "cy.get('input[name=\"apellidos\"]').type('12345');\ncy.get('.alert-error').should('contain', 'Apellidos no válidos');\ncy.wait(1000);",
              "err": {},
              "uuid": "3ceb749c-bbca-45bc-8ce7-dcfdc7cd5809",
              "parentUUID": "2d34b63e-3a70-4018-8fe4-702277c64b6e",
              "isHook": false,
              "skipped": false
            },
            {
              "title": "Debe permitir ingresar un email válido",
              "fullTitle": "Formulario de Huésped Debe permitir ingresar un email válido",
              "timedOut": null,
              "duration": 1864,
              "state": "passed",
              "speed": "fast",
              "pass": true,
              "fail": false,
              "pending": false,
              "context": null,
              "code": "cy.get('input[name=\"email\"]').type('juan.perez@example.com').should('have.value', 'juan.perez@example.com');\ncy.wait(1000);",
              "err": {},
              "uuid": "fc7242d4-bd28-455b-95c8-026b25bc751a",
              "parentUUID": "2d34b63e-3a70-4018-8fe4-702277c64b6e",
              "isHook": false,
              "skipped": false
            },
            {
              "title": "Debe mostrar error para email inválido",
              "fullTitle": "Formulario de Huésped Debe mostrar error para email inválido",
              "timedOut": null,
              "duration": 1965,
              "state": "passed",
              "speed": "fast",
              "pass": true,
              "fail": false,
              "pending": false,
              "context": null,
              "code": "cy.get('input[name=\"email\"]').type('juan.perez');\ncy.get('.alert-error').should('contain', 'Email no válido');\ncy.wait(1000);",
              "err": {},
              "uuid": "d616f2c8-d9e0-41ff-b957-304bbde7fec4",
              "parentUUID": "2d34b63e-3a70-4018-8fe4-702277c64b6e",
              "isHook": false,
              "skipped": false
            },
            {
              "title": "Debe permitir ingresar un teléfono válido",
              "fullTitle": "Formulario de Huésped Debe permitir ingresar un teléfono válido",
              "timedOut": null,
              "duration": 1663,
              "state": "passed",
              "speed": "fast",
              "pass": true,
              "fail": false,
              "pending": false,
              "context": null,
              "code": "cy.get('input[name=\"telefono\"]').type('987654321').should('have.value', '987654321');\ncy.wait(1000);",
              "err": {},
              "uuid": "08f41bae-2ccd-4624-a679-81257d19f80b",
              "parentUUID": "2d34b63e-3a70-4018-8fe4-702277c64b6e",
              "isHook": false,
              "skipped": false
            },
            {
              "title": "Debe mostrar error para teléfono inválido",
              "fullTitle": "Formulario de Huésped Debe mostrar error para teléfono inválido",
              "timedOut": null,
              "duration": 1551,
              "state": "passed",
              "speed": "fast",
              "pass": true,
              "fail": false,
              "pending": false,
              "context": null,
              "code": "cy.get('input[name=\"telefono\"]').type('123');\ncy.get('.alert-error').should('contain', 'Teléfono no válido');\ncy.wait(1000);",
              "err": {},
              "uuid": "72d7ac53-550b-4a8d-9a95-a92e57668c76",
              "parentUUID": "2d34b63e-3a70-4018-8fe4-702277c64b6e",
              "isHook": false,
              "skipped": false
            },
            {
              "title": "Debe fallar al ingresar un teléfono que no empieza con 9, pero no muestra alerta",
              "fullTitle": "Formulario de Huésped Debe fallar al ingresar un teléfono que no empieza con 9, pero no muestra alerta",
              "timedOut": null,
              "duration": 4761,
              "state": "failed",
              "speed": null,
              "pass": false,
              "fail": true,
              "pending": false,
              "context": null,
              "code": "cy.get('input[name=\"telefono\"]').type('887654321');\ncy.get('.alert-error').should('exist');\ncy.wait(1000);",
              "err": {
                "message": "AssertionError: Timed out retrying after 4000ms: Expected to find element: `.alert-error`, but never found it.",
                "estack": "AssertionError: Timed out retrying after 4000ms: Expected to find element: `.alert-error`, but never found it.\n    at Context.eval (webpack://hotel-palomar/./cypress/e2e/testFormularios.cy.js:65:27)",
                "diff": null
              },
              "uuid": "412c317c-071c-412a-bd6c-fd5e7cdc748f",
              "parentUUID": "2d34b63e-3a70-4018-8fe4-702277c64b6e",
              "isHook": false,
              "skipped": false
            },
            {
              "title": "Debe mostrar error cuando se intenta enviar el formulario con campos vacíos",
              "fullTitle": "Formulario de Huésped Debe mostrar error cuando se intenta enviar el formulario con campos vacíos",
              "timedOut": null,
              "duration": 1760,
              "state": "passed",
              "speed": "fast",
              "pass": true,
              "fail": false,
              "pending": false,
              "context": null,
              "code": "cy.get('button[type=\"submit\"]').click();\ncy.get('.alert-error').should('contain', 'Todos los campos son obligatorios');\ncy.wait(1000);",
              "err": {},
              "uuid": "c66f528a-70b4-4736-b3c7-ae2cfb0d70d7",
              "parentUUID": "2d34b63e-3a70-4018-8fe4-702277c64b6e",
              "isHook": false,
              "skipped": false
            },
            {
              "title": "Debe mostrar error cuando se intenta enviar el formulario con campos vacíos",
              "fullTitle": "Formulario de Huésped Debe mostrar error cuando se intenta enviar el formulario con campos vacíos",
              "timedOut": null,
              "duration": 1448,
              "state": "passed",
              "speed": "fast",
              "pass": true,
              "fail": false,
              "pending": false,
              "context": null,
              "code": "cy.get('button[type=\"submit\"]').click();\ncy.get('.alert-error').should('contain', 'Todos los campos son obligatorios');\ncy.wait(1000);",
              "err": {},
              "uuid": "197ea724-b5b0-4d59-8e38-f6cc7cdfd5dd",
              "parentUUID": "2d34b63e-3a70-4018-8fe4-702277c64b6e",
              "isHook": false,
              "skipped": false
            },
            {
              "title": "Debe permitir enviar el formulario correctamente si todos los campos son válidos",
              "fullTitle": "Formulario de Huésped Debe permitir enviar el formulario correctamente si todos los campos son válidos",
              "timedOut": null,
              "duration": 6093,
              "state": "failed",
              "speed": null,
              "pass": false,
              "fail": true,
              "pending": false,
              "context": null,
              "code": "cy.get('input[name=\"nombre\"]').type('Juan');\ncy.get('input[name=\"apellidos\"]').type('Pérez');\ncy.get('input[name=\"email\"]').type('juan.perez@example.com');\ncy.get('input[name=\"telefono\"]').type('987654321');\ncy.get('.alert-error').should('not.exist');\ncy.get('button[type=\"submit\"]').click();\ncy.get('.mensaje-exito').should('exist');",
              "err": {
                "message": "AssertionError: Timed out retrying after 4000ms: Expected <p.alert-error> not to exist in the DOM, but it was continuously found.",
                "estack": "AssertionError: Timed out retrying after 4000ms: Expected <p.alert-error> not to exist in the DOM, but it was continuously found.\n    at Context.eval (webpack://hotel-palomar/./cypress/e2e/testFormularios.cy.js:91:27)",
                "diff": null
              },
              "uuid": "28632eba-4ba3-4674-8822-e6e5b5d51ed3",
              "parentUUID": "2d34b63e-3a70-4018-8fe4-702277c64b6e",
              "isHook": false,
              "skipped": false
            }
          ],
          "suites": [],
          "passes": [
            "6a2a083c-a5fd-4d57-91d9-80b7fecbcacb",
            "9c8cdb04-ef0c-449c-9d48-c2e51306a5ba",
            "3ceb749c-bbca-45bc-8ce7-dcfdc7cd5809",
            "fc7242d4-bd28-455b-95c8-026b25bc751a",
            "d616f2c8-d9e0-41ff-b957-304bbde7fec4",
            "08f41bae-2ccd-4624-a679-81257d19f80b",
            "72d7ac53-550b-4a8d-9a95-a92e57668c76",
            "c66f528a-70b4-4736-b3c7-ae2cfb0d70d7",
            "197ea724-b5b0-4d59-8e38-f6cc7cdfd5dd"
          ],
          "failures": [
            "a73349ce-e6f7-493c-8bff-16de088eff32",
            "5312f617-5186-49b0-aa11-3ddf0feb01eb",
            "412c317c-071c-412a-bd6c-fd5e7cdc748f",
            "28632eba-4ba3-4674-8822-e6e5b5d51ed3"
          ],
          "pending": [],
          "skipped": [],
          "duration": 36209,
          "root": false,
          "rootEmpty": false,
          "_timeout": 2000
        }
      ],
      "passes": [],
      "failures": [],
      "pending": [],
      "skipped": [],
      "duration": 0,
      "root": true,
      "rootEmpty": true,
      "_timeout": 2000
    }
  ],
  "meta": {
    "mocha": {
      "version": "7.0.1"
    },
    "mochawesome": {
      "options": {
        "quiet": false,
        "reportFilename": "mochawesome",
        "saveHtml": true,
        "saveJson": true,
        "consoleReporter": "spec",
        "useInlineDiffs": false,
        "code": true
      },
      "version": "7.1.3"
    },
    "marge": {
      "options": {
        "reportDir": "cypress/reports",
        "overwrite": false,
        "html": true,
        "json": true
      },
      "version": "6.2.0"
    }
  }
}