{
  "stats": {
    "suites": 1,
    "tests": 13,
    "passes": 9,
    "pending": 0,
    "failures": 4,
    "start": "2024-12-04T01:43:23.744Z",
    "end": "2024-12-04T01:43:58.783Z",
    "duration": 35039,
    "testsRegistered": 13,
    "passPercent": 69.23076923076923,
    "pendingPercent": 0,
    "other": 0,
    "hasOther": false,
    "skipped": 0,
    "hasSkipped": false
  },
  "results": [
    {
      "uuid": "2ba78e1f-b60f-4f02-8415-9a8b198e84fe",
      "title": "",
      "fullFile": "cypress\\e2e\\testFormularios.cy.js",
      "file": "cypress\\e2e\\testFormularios.cy.js",
      "beforeHooks": [],
      "afterHooks": [],
      "tests": [],
      "suites": [
        {
          "uuid": "9628f38b-5a0f-4d71-9543-1448f5a834eb",
          "title": "Formulario de Huésped",
          "fullFile": "",
          "file": "",
          "beforeHooks": [],
          "afterHooks": [],
          "tests": [
            {
              "title": "Debe permitir ingresar un nombre válido",
              "fullTitle": "Formulario de Huésped Debe permitir ingresar un nombre válido",
              "timedOut": null,
              "duration": 2263,
              "state": "passed",
              "speed": "fast",
              "pass": true,
              "fail": false,
              "pending": false,
              "context": null,
              "code": "cy.get('input[name=\"nombre\"]').type('Juan').should('have.value', 'Juan');\ncy.wait(1000);",
              "err": {},
              "uuid": "a905df62-3b99-420f-bccf-17a00dc5f89c",
              "parentUUID": "9628f38b-5a0f-4d71-9543-1448f5a834eb",
              "isHook": false,
              "skipped": false
            },
            {
              "title": "Debe permitir ingresar un nombre con tilde sin mostrar alerta de error, pero falla",
              "fullTitle": "Formulario de Huésped Debe permitir ingresar un nombre con tilde sin mostrar alerta de error, pero falla",
              "timedOut": null,
              "duration": 4721,
              "state": "failed",
              "speed": null,
              "pass": false,
              "fail": true,
              "pending": false,
              "context": null,
              "code": "cy.get('input[name=\"nombre\"]').type('Saúl');\ncy.get('.alert-error').should('not.exist');\ncy.wait(1000);",
              "err": {
                "message": "AssertionError: Timed out retrying after 4000ms: Expected <p.alert-error> not to exist in the DOM, but it was continuously found.",
                "estack": "AssertionError: Timed out retrying after 4000ms: Expected <p.alert-error> not to exist in the DOM, but it was continuously found.\n    at Context.eval (webpack://hotel-palomar/./cypress/e2e/testFormularios.cy.js:15:27)",
                "diff": null
              },
              "uuid": "1f44c970-ba33-408c-9ac7-63a61e047cad",
              "parentUUID": "9628f38b-5a0f-4d71-9543-1448f5a834eb",
              "isHook": false,
              "skipped": false
            },
            {
              "title": "Debe mostrar error para nombre inválido",
              "fullTitle": "Formulario de Huésped Debe mostrar error para nombre inválido",
              "timedOut": null,
              "duration": 1534,
              "state": "passed",
              "speed": "fast",
              "pass": true,
              "fail": false,
              "pending": false,
              "context": null,
              "code": "cy.get('input[name=\"nombre\"]').type('12345');\ncy.get('.alert-error').should('contain', 'Nombre no válido');\ncy.wait(1000);",
              "err": {},
              "uuid": "681d8ca8-8575-4f20-b2ce-009bb412000a",
              "parentUUID": "9628f38b-5a0f-4d71-9543-1448f5a834eb",
              "isHook": false,
              "skipped": false
            },
            {
              "title": "Debe permitir ingresar un apellido con tilde sin mostrar alerta de error, pero falla",
              "fullTitle": "Formulario de Huésped Debe permitir ingresar un apellido con tilde sin mostrar alerta de error, pero falla",
              "timedOut": null,
              "duration": 4726,
              "state": "failed",
              "speed": null,
              "pass": false,
              "fail": true,
              "pending": false,
              "context": null,
              "code": "cy.get('input[name=\"apellidos\"]').type('Pérez Gómes');\ncy.get('.alert-error').should('not.exist');\ncy.wait(1000);",
              "err": {
                "message": "AssertionError: Timed out retrying after 4000ms: Expected <p.alert-error> not to exist in the DOM, but it was continuously found.",
                "estack": "AssertionError: Timed out retrying after 4000ms: Expected <p.alert-error> not to exist in the DOM, but it was continuously found.\n    at Context.eval (webpack://hotel-palomar/./cypress/e2e/testFormularios.cy.js:28:27)",
                "diff": null
              },
              "uuid": "dec0a294-90cb-4545-8204-9aba685c113c",
              "parentUUID": "9628f38b-5a0f-4d71-9543-1448f5a834eb",
              "isHook": false,
              "skipped": false
            },
            {
              "title": "Debe mostrar error para apellidos inválidos",
              "fullTitle": "Formulario de Huésped Debe mostrar error para apellidos inválidos",
              "timedOut": null,
              "duration": 1512,
              "state": "passed",
              "speed": "fast",
              "pass": true,
              "fail": false,
              "pending": false,
              "context": null,
              "code": "cy.get('input[name=\"apellidos\"]').type('12345');\ncy.get('.alert-error').should('contain', 'Apellidos no válidos');\ncy.wait(1000);",
              "err": {},
              "uuid": "b7b07e95-0449-4d8c-a110-4445b06f08c4",
              "parentUUID": "9628f38b-5a0f-4d71-9543-1448f5a834eb",
              "isHook": false,
              "skipped": false
            },
            {
              "title": "Debe permitir ingresar un email válido",
              "fullTitle": "Formulario de Huésped Debe permitir ingresar un email válido",
              "timedOut": null,
              "duration": 1738,
              "state": "passed",
              "speed": "fast",
              "pass": true,
              "fail": false,
              "pending": false,
              "context": null,
              "code": "cy.get('input[name=\"email\"]').type('juan.perez@example.com').should('have.value', 'juan.perez@example.com');\ncy.wait(1000);",
              "err": {},
              "uuid": "bd581d72-8e77-4735-8030-e92ede5092f9",
              "parentUUID": "9628f38b-5a0f-4d71-9543-1448f5a834eb",
              "isHook": false,
              "skipped": false
            },
            {
              "title": "Debe mostrar error para email inválido",
              "fullTitle": "Formulario de Huésped Debe mostrar error para email inválido",
              "timedOut": null,
              "duration": 1571,
              "state": "passed",
              "speed": "fast",
              "pass": true,
              "fail": false,
              "pending": false,
              "context": null,
              "code": "cy.get('input[name=\"email\"]').type('juan.perez');\ncy.get('.alert-error').should('contain', 'Email no válido');\ncy.wait(1000);",
              "err": {},
              "uuid": "99042284-636e-4e44-8cee-85d29d9b1b91",
              "parentUUID": "9628f38b-5a0f-4d71-9543-1448f5a834eb",
              "isHook": false,
              "skipped": false
            },
            {
              "title": "Debe permitir ingresar un teléfono válido",
              "fullTitle": "Formulario de Huésped Debe permitir ingresar un teléfono válido",
              "timedOut": null,
              "duration": 1836,
              "state": "passed",
              "speed": "fast",
              "pass": true,
              "fail": false,
              "pending": false,
              "context": null,
              "code": "cy.get('input[name=\"telefono\"]').type('987654321').should('have.value', '987654321');\ncy.wait(1000);",
              "err": {},
              "uuid": "6d6d7975-03df-42c7-b03e-0950b3a7fcb9",
              "parentUUID": "9628f38b-5a0f-4d71-9543-1448f5a834eb",
              "isHook": false,
              "skipped": false
            },
            {
              "title": "Debe mostrar error para teléfono inválido",
              "fullTitle": "Formulario de Huésped Debe mostrar error para teléfono inválido",
              "timedOut": null,
              "duration": 1488,
              "state": "passed",
              "speed": "fast",
              "pass": true,
              "fail": false,
              "pending": false,
              "context": null,
              "code": "cy.get('input[name=\"telefono\"]').type('123');\ncy.get('.alert-error').should('contain', 'Teléfono no válido');\ncy.wait(1000);",
              "err": {},
              "uuid": "ef34c304-b9e9-4795-a3dd-22d5919ffad8",
              "parentUUID": "9628f38b-5a0f-4d71-9543-1448f5a834eb",
              "isHook": false,
              "skipped": false
            },
            {
              "title": "Debe fallar al ingresar un teléfono que no empieza con 9, pero no muestra alerta",
              "fullTitle": "Formulario de Huésped Debe fallar al ingresar un teléfono que no empieza con 9, pero no muestra alerta",
              "timedOut": null,
              "duration": 4699,
              "state": "failed",
              "speed": null,
              "pass": false,
              "fail": true,
              "pending": false,
              "context": null,
              "code": "cy.get('input[name=\"telefono\"]').type('887654321');\ncy.get('.alert-error').should('exist');\ncy.wait(1000);",
              "err": {
                "message": "AssertionError: Timed out retrying after 4000ms: Expected to find element: `.alert-error`, but never found it.",
                "estack": "AssertionError: Timed out retrying after 4000ms: Expected to find element: `.alert-error`, but never found it.\n    at Context.eval (webpack://hotel-palomar/./cypress/e2e/testFormularios.cy.js:65:27)",
                "diff": null
              },
              "uuid": "f858b9c3-0dd0-4d65-909f-8369d0108a6e",
              "parentUUID": "9628f38b-5a0f-4d71-9543-1448f5a834eb",
              "isHook": false,
              "skipped": false
            },
            {
              "title": "Debe mostrar error cuando se intenta enviar el formulario con campos vacíos",
              "fullTitle": "Formulario de Huésped Debe mostrar error cuando se intenta enviar el formulario con campos vacíos",
              "timedOut": null,
              "duration": 1395,
              "state": "passed",
              "speed": "fast",
              "pass": true,
              "fail": false,
              "pending": false,
              "context": null,
              "code": "cy.get('button[type=\"submit\"]').click();\ncy.get('.alert-error').should('contain', 'Todos los campos son obligatorios');\ncy.wait(1000);",
              "err": {},
              "uuid": "d8cf1d34-955f-4f48-b8f3-c045fd354b08",
              "parentUUID": "9628f38b-5a0f-4d71-9543-1448f5a834eb",
              "isHook": false,
              "skipped": false
            },
            {
              "title": "Debe mostrar error cuando se intenta enviar el formulario con campos vacíos",
              "fullTitle": "Formulario de Huésped Debe mostrar error cuando se intenta enviar el formulario con campos vacíos",
              "timedOut": null,
              "duration": 1393,
              "state": "passed",
              "speed": "fast",
              "pass": true,
              "fail": false,
              "pending": false,
              "context": null,
              "code": "cy.get('button[type=\"submit\"]').click();\ncy.get('.alert-error').should('contain', 'Todos los campos son obligatorios');\ncy.wait(1000);",
              "err": {},
              "uuid": "caf38fe2-fc91-4905-87f5-74d6ce849f1d",
              "parentUUID": "9628f38b-5a0f-4d71-9543-1448f5a834eb",
              "isHook": false,
              "skipped": false
            },
            {
              "title": "Debe permitir enviar el formulario correctamente si todos los campos son válidos",
              "fullTitle": "Formulario de Huésped Debe permitir enviar el formulario correctamente si todos los campos son válidos",
              "timedOut": null,
              "duration": 5527,
              "state": "failed",
              "speed": null,
              "pass": false,
              "fail": true,
              "pending": false,
              "context": null,
              "code": "cy.get('input[name=\"nombre\"]').type('Juan');\ncy.get('input[name=\"apellidos\"]').type('Pérez');\ncy.get('input[name=\"email\"]').type('juan.perez@example.com');\ncy.get('input[name=\"telefono\"]').type('987654321');\ncy.get('.alert-error').should('not.exist');\ncy.get('button[type=\"submit\"]').click();\ncy.get('.mensaje-exito').should('exist');",
              "err": {
                "message": "AssertionError: Timed out retrying after 4000ms: Expected <p.alert-error> not to exist in the DOM, but it was continuously found.",
                "estack": "AssertionError: Timed out retrying after 4000ms: Expected <p.alert-error> not to exist in the DOM, but it was continuously found.\n    at Context.eval (webpack://hotel-palomar/./cypress/e2e/testFormularios.cy.js:91:27)",
                "diff": null
              },
              "uuid": "4bd360f7-fe38-4dc1-aa2f-1b2e5a39d0cf",
              "parentUUID": "9628f38b-5a0f-4d71-9543-1448f5a834eb",
              "isHook": false,
              "skipped": false
            }
          ],
          "suites": [],
          "passes": [
            "a905df62-3b99-420f-bccf-17a00dc5f89c",
            "681d8ca8-8575-4f20-b2ce-009bb412000a",
            "b7b07e95-0449-4d8c-a110-4445b06f08c4",
            "bd581d72-8e77-4735-8030-e92ede5092f9",
            "99042284-636e-4e44-8cee-85d29d9b1b91",
            "6d6d7975-03df-42c7-b03e-0950b3a7fcb9",
            "ef34c304-b9e9-4795-a3dd-22d5919ffad8",
            "d8cf1d34-955f-4f48-b8f3-c045fd354b08",
            "caf38fe2-fc91-4905-87f5-74d6ce849f1d"
          ],
          "failures": [
            "1f44c970-ba33-408c-9ac7-63a61e047cad",
            "dec0a294-90cb-4545-8204-9aba685c113c",
            "f858b9c3-0dd0-4d65-909f-8369d0108a6e",
            "4bd360f7-fe38-4dc1-aa2f-1b2e5a39d0cf"
          ],
          "pending": [],
          "skipped": [],
          "duration": 34403,
          "root": false,
          "rootEmpty": false,
          "_timeout": 2000
        }
      ],
      "passes": [],
      "failures": [],
      "pending": [],
      "skipped": [],
      "duration": 0,
      "root": true,
      "rootEmpty": true,
      "_timeout": 2000
    }
  ],
  "meta": {
    "mocha": {
      "version": "7.0.1"
    },
    "mochawesome": {
      "options": {
        "quiet": false,
        "reportFilename": "mochawesome",
        "saveHtml": true,
        "saveJson": true,
        "consoleReporter": "spec",
        "useInlineDiffs": false,
        "code": true
      },
      "version": "7.1.3"
    },
    "marge": {
      "options": {
        "reportDir": "cypress/report/mochawesome-report",
        "overwrite": true,
        "html": true,
        "json": true,
        "timestamp": "mmddyyyy_HHMMss"
      },
      "version": "6.2.0"
    }
  }
}