{
  "stats": {
    "suites": 1,
    "tests": 7,
    "passes": 7,
    "pending": 0,
    "failures": 0,
    "start": "2024-12-04T01:43:05.851Z",
    "end": "2024-12-04T01:43:21.216Z",
    "duration": 15365,
    "testsRegistered": 7,
    "passPercent": 100,
    "pendingPercent": 0,
    "other": 0,
    "hasOther": false,
    "skipped": 0,
    "hasSkipped": false
  },
  "results": [
    {
      "uuid": "e0eb46bb-a088-4b97-8c23-466988217415",
      "title": "",
      "fullFile": "cypress\\e2e\\solucionTestFormularios.cy.js",
      "file": "cypress\\e2e\\solucionTestFormularios.cy.js",
      "beforeHooks": [],
      "afterHooks": [],
      "tests": [],
      "suites": [
        {
          "uuid": "b8670f5c-100a-42a8-8b64-7dd36ab92249",
          "title": "Formulario de Huésped",
          "fullFile": "",
          "file": "",
          "beforeHooks": [],
          "afterHooks": [],
          "tests": [
            {
              "title": "Debe permitir ingresar un nombre válido",
              "fullTitle": "Formulario de Huésped Debe permitir ingresar un nombre válido",
              "timedOut": null,
              "duration": 2215,
              "state": "passed",
              "speed": "fast",
              "pass": true,
              "fail": false,
              "pending": false,
              "context": null,
              "code": "cy.get('input[name=\"nombre\"]').type('Juan').should('have.value', 'Juan');\ncy.wait(1000);",
              "err": {},
              "uuid": "96910f0d-bb42-4920-ace1-7c6aba233c5f",
              "parentUUID": "b8670f5c-100a-42a8-8b64-7dd36ab92249",
              "isHook": false,
              "skipped": false
            },
            {
              "title": "Debe permitir ingresar un nombre con tilde sin mostrar alerta de error, pero falla",
              "fullTitle": "Formulario de Huésped Debe permitir ingresar un nombre con tilde sin mostrar alerta de error, pero falla",
              "timedOut": null,
              "duration": 2285,
              "state": "passed",
              "speed": "fast",
              "pass": true,
              "fail": false,
              "pending": false,
              "context": null,
              "code": "cy.get('input[name=\"nombre\"]').type('Saúl');\ncy.get('.alert-error').should('not.exist');\ncy.wait(1000);",
              "err": {},
              "uuid": "f8ee3f13-cd3b-4602-8108-b5bb75e68d48",
              "parentUUID": "b8670f5c-100a-42a8-8b64-7dd36ab92249",
              "isHook": false,
              "skipped": false
            },
            {
              "title": "Debe mostrar error para nombre inválido",
              "fullTitle": "Formulario de Huésped Debe mostrar error para nombre inválido",
              "timedOut": null,
              "duration": 1526,
              "state": "passed",
              "speed": "fast",
              "pass": true,
              "fail": false,
              "pending": false,
              "context": null,
              "code": "cy.get('input[name=\"nombre\"]').type('12345');\ncy.get('.alert-error').should('contain', 'Nombre no válido');\ncy.wait(1000);",
              "err": {},
              "uuid": "f6b01529-70df-405e-93e0-8fbc05f08df1",
              "parentUUID": "b8670f5c-100a-42a8-8b64-7dd36ab92249",
              "isHook": false,
              "skipped": false
            },
            {
              "title": "Debe permitir ingresar un apellido con tilde sin mostrar alerta de error, pero falla",
              "fullTitle": "Formulario de Huésped Debe permitir ingresar un apellido con tilde sin mostrar alerta de error, pero falla",
              "timedOut": null,
              "duration": 1609,
              "state": "passed",
              "speed": "fast",
              "pass": true,
              "fail": false,
              "pending": false,
              "context": null,
              "code": "cy.get('input[name=\"apellidos\"]').type('Pérez Gómes');\ncy.get('.alert-error').should('not.exist');\ncy.wait(1000);",
              "err": {},
              "uuid": "68898fc2-f911-44a3-ac03-27aff7a4ca59",
              "parentUUID": "b8670f5c-100a-42a8-8b64-7dd36ab92249",
              "isHook": false,
              "skipped": false
            },
            {
              "title": "Debe mostrar error para apellidos inválidos",
              "fullTitle": "Formulario de Huésped Debe mostrar error para apellidos inválidos",
              "timedOut": null,
              "duration": 1532,
              "state": "passed",
              "speed": "fast",
              "pass": true,
              "fail": false,
              "pending": false,
              "context": null,
              "code": "cy.get('input[name=\"apellidos\"]').type('12345');\ncy.get('.alert-error').should('contain', 'Apellidos no válidos');\ncy.wait(1000);",
              "err": {},
              "uuid": "790ffa04-4db4-4625-a026-2e965a7294e5",
              "parentUUID": "b8670f5c-100a-42a8-8b64-7dd36ab92249",
              "isHook": false,
              "skipped": false
            },
            {
              "title": "Debe permitir ingresar un email válido",
              "fullTitle": "Formulario de Huésped Debe permitir ingresar un email válido",
              "timedOut": null,
              "duration": 1745,
              "state": "passed",
              "speed": "fast",
              "pass": true,
              "fail": false,
              "pending": false,
              "context": null,
              "code": "cy.get('input[name=\"email\"]').type('juan.perez@example.com').should('have.value', 'juan.perez@example.com');\ncy.wait(1000);",
              "err": {},
              "uuid": "06340651-007b-43f6-a5e5-d363ce18eaeb",
              "parentUUID": "b8670f5c-100a-42a8-8b64-7dd36ab92249",
              "isHook": false,
              "skipped": false
            },
            {
              "title": "Debe mostrar error para email inválido",
              "fullTitle": "Formulario de Huésped Debe mostrar error para email inválido",
              "timedOut": null,
              "duration": 1695,
              "state": "passed",
              "speed": "fast",
              "pass": true,
              "fail": false,
              "pending": false,
              "context": null,
              "code": "cy.get('input[name=\"email\"]').type('juan.perez');\ncy.get('.alert-error').should('contain', 'Email no válido');\ncy.wait(1000);",
              "err": {},
              "uuid": "06246aa0-02ec-46bd-ade4-005309c30eb5",
              "parentUUID": "b8670f5c-100a-42a8-8b64-7dd36ab92249",
              "isHook": false,
              "skipped": false
            }
          ],
          "suites": [],
          "passes": [
            "96910f0d-bb42-4920-ace1-7c6aba233c5f",
            "f8ee3f13-cd3b-4602-8108-b5bb75e68d48",
            "f6b01529-70df-405e-93e0-8fbc05f08df1",
            "68898fc2-f911-44a3-ac03-27aff7a4ca59",
            "790ffa04-4db4-4625-a026-2e965a7294e5",
            "06340651-007b-43f6-a5e5-d363ce18eaeb",
            "06246aa0-02ec-46bd-ade4-005309c30eb5"
          ],
          "failures": [],
          "pending": [],
          "skipped": [],
          "duration": 12607,
          "root": false,
          "rootEmpty": false,
          "_timeout": 2000
        }
      ],
      "passes": [],
      "failures": [],
      "pending": [],
      "skipped": [],
      "duration": 0,
      "root": true,
      "rootEmpty": true,
      "_timeout": 2000
    }
  ],
  "meta": {
    "mocha": {
      "version": "7.0.1"
    },
    "mochawesome": {
      "options": {
        "quiet": false,
        "reportFilename": "mochawesome",
        "saveHtml": true,
        "saveJson": true,
        "consoleReporter": "spec",
        "useInlineDiffs": false,
        "code": true
      },
      "version": "7.1.3"
    },
    "marge": {
      "options": {
        "reportDir": "cypress/report/mochawesome-report",
        "overwrite": true,
        "html": true,
        "json": true,
        "timestamp": "mmddyyyy_HHMMss"
      },
      "version": "6.2.0"
    }
  }
}